<?xml version="1.0" encoding="UTF-8"?>
<!-- Generated by org.testng.reporters.JUnitReportReporter -->
<testsuite hostname="DESKTOP-NG3RBDE" failures="0" tests="11" name="Runner_Files.Headerpage_positive_scenarios_runner" time="180.627" errors="0" timestamp="2021-05-19T20:26:50 IST" skipped="0">
  <testcase classname="Runner_Files.Headerpage_positive_scenarios_runner" name="runScenario" time="2.048"/>
  <system-out/>
  <testcase classname="Runner_Files.Headerpage_positive_scenarios_runner" name="runScenario" time="26.256"/>
  <system-out/>
  <testcase classname="Runner_Files.Headerpage_positive_scenarios_runner" name="runScenario" time="0.971"/>
  <system-out/>
  <testcase classname="Runner_Files.Headerpage_positive_scenarios_runner" name="runScenario" time="3.767"/>
  <system-out/>
  <testcase classname="Runner_Files.Headerpage_positive_scenarios_runner" name="runScenario" time="1.439"/>
  <system-out/>
  <testcase classname="Runner_Files.Headerpage_positive_scenarios_runner" name="runScenario" time="4.429"/>
  <system-out/>
  <testcase classname="Runner_Files.Headerpage_positive_scenarios_runner" name="runScenario" time="0.264"/>
  <system-out/>
  <testcase classname="Runner_Files.Headerpage_positive_scenarios_runner" name="runScenario" time="1.600"/>
  <system-out/>
  <testcase classname="Runner_Files.Headerpage_positive_scenarios_runner" name="runScenario" time="0.202"/>
  <system-out/>
  <testcase classname="Runner_Files.Headerpage_positive_scenarios_runner" name="runScenario" time="139.388"/>
  <system-out/>
  <testcase classname="Runner_Files.Headerpage_positive_scenarios_runner" name="runScenario" time="0.263"/>
  <system-out/>
</testsuite> <!-- Runner_Files.Headerpage_positive_scenarios_runner -->
