<?xml version="1.0" encoding="UTF-8"?>
<!-- Generated by org.testng.reporters.JUnitReportReporter -->
<testsuite hostname="DESKTOP-NG3RBDE" failures="0" tests="9" name="Runner_Files.Circles_positive_scenarios_runner" time="68.486" errors="0" timestamp="2021-05-20T13:44:29 IST" skipped="0">
  <testcase classname="Runner_Files.Circles_positive_scenarios_runner" name="runScenario" time="0.157"/>
  <system-out/>
  <testcase classname="Runner_Files.Circles_positive_scenarios_runner" name="runScenario" time="8.019"/>
  <system-out/>
  <testcase classname="Runner_Files.Circles_positive_scenarios_runner" name="runScenario" time="57.491"/>
  <system-out/>
  <testcase classname="Runner_Files.Circles_positive_scenarios_runner" name="runScenario" time="0.938"/>
  <system-out/>
  <testcase classname="Runner_Files.Circles_positive_scenarios_runner" name="runScenario" time="0.548"/>
  <system-out/>
  <testcase classname="Runner_Files.Circles_positive_scenarios_runner" name="runScenario" time="0.471"/>
  <system-out/>
  <testcase classname="Runner_Files.Circles_positive_scenarios_runner" name="runScenario" time="0.351"/>
  <system-out/>
  <testcase classname="Runner_Files.Circles_positive_scenarios_runner" name="runScenario" time="0.236"/>
  <system-out/>
  <testcase classname="Runner_Files.Circles_positive_scenarios_runner" name="runScenario" time="0.275"/>
  <system-out/>
</testsuite> <!-- Runner_Files.Circles_positive_scenarios_runner -->
