<?xml version="1.0" encoding="UTF-8"?>
<!-- Generated by org.testng.reporters.JUnitReportReporter -->
<testsuite hostname="DESKTOP-NG3RBDE" failures="0" tests="7" name="Runner_Files.Circles_negative_scenarios_runner" time="23.679" errors="0" timestamp="2021-05-20T17:45:40 IST" skipped="0">
  <testcase classname="Runner_Files.Circles_negative_scenarios_runner" name="runScenario" time="0.473"/>
  <system-out/>
  <testcase classname="Runner_Files.Circles_negative_scenarios_runner" name="runScenario" time="0.432"/>
  <system-out/>
  <testcase classname="Runner_Files.Circles_negative_scenarios_runner" name="runScenario" time="0.743"/>
  <system-out/>
  <testcase classname="Runner_Files.Circles_negative_scenarios_runner" name="runScenario" time="0.533"/>
  <system-out/>
  <testcase classname="Runner_Files.Circles_negative_scenarios_runner" name="runScenario" time="0.943"/>
  <system-out/>
  <testcase classname="Runner_Files.Circles_negative_scenarios_runner" name="runScenario" time="0.832"/>
  <system-out/>
  <testcase classname="Runner_Files.Circles_negative_scenarios_runner" name="runScenario" time="19.723"/>
  <system-out/>
</testsuite> <!-- Runner_Files.Circles_negative_scenarios_runner -->
