<?xml version="1.0" encoding="UTF-8"?>
<!-- Generated by org.testng.reporters.JUnitReportReporter -->
<testsuite hostname="DESKTOP-NG3RBDE" failures="0" tests="6" name="Runner_Files.Login_positive_scenarios_runner" time="239.851" errors="0" timestamp="2021-05-19T21:19:29 IST" skipped="0">
  <testcase classname="Runner_Files.Login_positive_scenarios_runner" name="runScenario" time="5.454"/>
  <system-out/>
  <testcase classname="Runner_Files.Login_positive_scenarios_runner" name="runScenario" time="2.187"/>
  <system-out/>
  <testcase classname="Runner_Files.Login_positive_scenarios_runner" name="runScenario" time="1.088"/>
  <system-out/>
  <testcase classname="Runner_Files.Login_positive_scenarios_runner" name="runScenario" time="1.752"/>
  <system-out/>
  <testcase classname="Runner_Files.Login_positive_scenarios_runner" name="runScenario" time="227.463"/>
  <system-out/>
  <testcase classname="Runner_Files.Login_positive_scenarios_runner" name="runScenario" time="1.907"/>
  <system-out/>
</testsuite> <!-- Runner_Files.Login_positive_scenarios_runner -->
