<?xml version="1.0" encoding="UTF-8"?>
<!-- Generated by org.testng.reporters.JUnitReportReporter -->
<testsuite hostname="DESKTOP-NG3RBDE" failures="0" tests="3" name="Runner_Files.Forgot_password_positive_scenarios_runner" time="111.942" errors="0" timestamp="2021-05-19T21:06:19 IST" skipped="0">
  <testcase classname="Runner_Files.Forgot_password_positive_scenarios_runner" name="runScenario" time="109.089"/>
  <system-out/>
  <testcase classname="Runner_Files.Forgot_password_positive_scenarios_runner" name="runScenario" time="2.318"/>
  <system-out/>
  <testcase classname="Runner_Files.Forgot_password_positive_scenarios_runner" name="runScenario" time="0.535"/>
  <system-out/>
</testsuite> <!-- Runner_Files.Forgot_password_positive_scenarios_runner -->
