<?xml version="1.0" encoding="UTF-8"?>
<!-- Generated by org.testng.reporters.JUnitReportReporter -->
<testsuite hostname="DESKTOP-NG3RBDE" failures="0" tests="3" name="Runner_Files.Services_positive_scenarios_runner" time="241.237" errors="0" timestamp="2021-05-19T21:28:14 IST" skipped="0">
  <testcase classname="Runner_Files.Services_positive_scenarios_runner" name="runScenario" time="230.015"/>
  <system-out/>
  <testcase classname="Runner_Files.Services_positive_scenarios_runner" name="runScenario" time="10.788"/>
  <system-out/>
  <testcase classname="Runner_Files.Services_positive_scenarios_runner" name="runScenario" time="0.434"/>
  <system-out/>
</testsuite> <!-- Runner_Files.Services_positive_scenarios_runner -->
