<?xml version="1.0" encoding="UTF-8"?>
<!-- Generated by org.testng.reporters.JUnitReportReporter -->
<testsuite hostname="DESKTOP-NG3RBDE" failures="0" tests="5" name="Runner_Files.Forgot_password_negative_scenarios_runner" time="81.605" errors="0" timestamp="2021-05-19T20:56:38 IST" skipped="0">
  <testcase classname="Runner_Files.Forgot_password_negative_scenarios_runner" name="runScenario" time="1.355"/>
  <system-out/>
  <testcase classname="Runner_Files.Forgot_password_negative_scenarios_runner" name="runScenario" time="0.106"/>
  <system-out/>
  <testcase classname="Runner_Files.Forgot_password_negative_scenarios_runner" name="runScenario" time="73.636"/>
  <system-out/>
  <testcase classname="Runner_Files.Forgot_password_negative_scenarios_runner" name="runScenario" time="1.204"/>
  <system-out/>
  <testcase classname="Runner_Files.Forgot_password_negative_scenarios_runner" name="runScenario" time="5.304"/>
  <system-out/>
</testsuite> <!-- Runner_Files.Forgot_password_negative_scenarios_runner -->
