<?xml version="1.0" encoding="UTF-8"?>
<!-- Generated by org.testng.reporters.JUnitReportReporter -->
<testsuite hostname="DESKTOP-NG3RBDE" failures="0" tests="7" name="Runner_Files.Login_negative_scenarios_runner" time="300.001" errors="0" timestamp="2021-05-19T21:15:07 IST" skipped="0">
  <testcase classname="Runner_Files.Login_negative_scenarios_runner" name="runScenario" time="5.729"/>
  <system-out/>
  <testcase classname="Runner_Files.Login_negative_scenarios_runner" name="runScenario" time="4.585"/>
  <system-out/>
  <testcase classname="Runner_Files.Login_negative_scenarios_runner" name="runScenario" time="272.419"/>
  <system-out/>
  <testcase classname="Runner_Files.Login_negative_scenarios_runner" name="runScenario" time="5.612"/>
  <system-out/>
  <testcase classname="Runner_Files.Login_negative_scenarios_runner" name="runScenario" time="5.964"/>
  <system-out/>
  <testcase classname="Runner_Files.Login_negative_scenarios_runner" name="runScenario" time="2.656"/>
  <system-out/>
  <testcase classname="Runner_Files.Login_negative_scenarios_runner" name="runScenario" time="3.036"/>
  <system-out/>
</testsuite> <!-- Runner_Files.Login_negative_scenarios_runner -->
